2023-06-15 19:00:16,763|INFO|main.py|6|开始执行UI自动化测试用例
2023-06-15 19:00:16,980|INFO|main.py|8|UI自动化测试用例执行完成
2023-06-15 22:22:36,450|INFO|logger.py|11|====== WebDriver manager ======
2023-06-15 22:22:37,455|INFO|logger.py|11|Driver [C:\Users\hyldi\.wdm\drivers\chromedriver\win32\114.0.5735.90\chromedriver.exe] found in cache
2023-06-15 22:22:55,986|INFO|logger.py|11|====== WebDriver manager ======
2023-06-15 22:22:56,640|INFO|logger.py|11|Driver [C:\Users\hyldi\.wdm\drivers\chromedriver\win32\114.0.5735.90\chromedriver.exe] found in cache
2023-06-15 22:22:57,881|INFO|base_page.py|24|设置浏览器最大化
2023-06-15 22:22:58,010|INFO|base_page.py|34|打开url：https://weibo.com/newlogin?tabtype=weibo&gid=102803&openLoginLayer=0&url=https%3A%2F%2Fweibo.com%2F
2023-06-15 22:23:08,930|INFO|logger.py|11|====== WebDriver manager ======
2023-06-15 22:23:09,598|INFO|logger.py|11|Driver [C:\Users\hyldi\.wdm\drivers\chromedriver\win32\114.0.5735.90\chromedriver.exe] found in cache
2023-06-15 22:23:27,908|INFO|logger.py|11|====== WebDriver manager ======
2023-06-15 22:23:28,580|INFO|logger.py|11|Driver [C:\Users\hyldi\.wdm\drivers\chromedriver\win32\114.0.5735.90\chromedriver.exe] found in cache
2023-06-15 22:27:32,107|INFO|logger.py|11|====== WebDriver manager ======
2023-06-15 22:27:32,865|INFO|logger.py|11|Driver [C:\Users\hyldi\.wdm\drivers\chromedriver\win32\114.0.5735.90\chromedriver.exe] found in cache
2023-06-15 22:27:52,084|INFO|logger.py|11|====== WebDriver manager ======
2023-06-15 22:27:52,727|INFO|logger.py|11|Driver [C:\Users\hyldi\.wdm\drivers\chromedriver\win32\114.0.5735.90\chromedriver.exe] found in cache
2023-06-15 22:27:53,942|INFO|base_page.py|24|设置浏览器最大化
2023-06-15 22:27:54,076|INFO|base_page.py|34|打开url：https://weibo.com/newlogin?tabtype=weibo&gid=102803&openLoginLayer=0&url=https%3A%2F%2Fweibo.com%2F
2023-06-15 22:28:05,056|INFO|logger.py|11|====== WebDriver manager ======
2023-06-15 22:28:05,702|INFO|logger.py|11|Driver [C:\Users\hyldi\.wdm\drivers\chromedriver\win32\114.0.5735.90\chromedriver.exe] found in cache
2023-06-15 22:28:20,911|INFO|logger.py|11|====== WebDriver manager ======
2023-06-15 22:28:21,687|INFO|logger.py|11|Driver [C:\Users\hyldi\.wdm\drivers\chromedriver\win32\114.0.5735.90\chromedriver.exe] found in cache
2023-06-15 22:29:51,349|INFO|logger.py|11|====== WebDriver manager ======
2023-06-15 22:29:52,089|INFO|logger.py|11|Driver [C:\Users\hyldi\.wdm\drivers\chromedriver\win32\114.0.5735.90\chromedriver.exe] found in cache
2023-06-15 22:29:53,306|INFO|base_page.py|24|设置浏览器最大化
2023-06-15 22:29:53,432|INFO|base_page.py|34|打开url：https://weibo.com/newlogin?tabtype=weibo&gid=102803&openLoginLayer=0&url=https%3A%2F%2Fweibo.com%2F
2023-06-15 22:34:15,782|INFO|logger.py|11|====== WebDriver manager ======
2023-06-15 22:34:16,442|INFO|logger.py|11|Driver [C:\Users\hyldi\.wdm\drivers\chromedriver\win32\114.0.5735.90\chromedriver.exe] found in cache
2023-06-15 22:34:17,742|INFO|base_page.py|24|设置浏览器最大化
2023-06-15 22:34:17,871|INFO|base_page.py|34|打开url：https://weibo.com/newlogin?tabtype=weibo&gid=102803&openLoginLayer=0&url=https%3A%2F%2Fweibo.com%2F
2023-06-15 22:36:02,442|INFO|logger.py|11|====== WebDriver manager ======
2023-06-15 22:36:03,112|INFO|logger.py|11|Driver [C:\Users\hyldi\.wdm\drivers\chromedriver\win32\114.0.5735.90\chromedriver.exe] found in cache
2023-06-15 22:36:04,418|INFO|base_page.py|24|设置浏览器最大化
2023-06-15 22:36:04,550|INFO|base_page.py|34|打开url：https://weibo.com/newlogin?tabtype=weibo&gid=102803&openLoginLayer=0&url=https%3A%2F%2Fweibo.com%2F
2023-06-15 22:37:03,017|INFO|logger.py|11|====== WebDriver manager ======
2023-06-15 22:37:03,685|INFO|logger.py|11|Driver [C:\Users\hyldi\.wdm\drivers\chromedriver\win32\114.0.5735.90\chromedriver.exe] found in cache
2023-06-15 22:37:04,888|INFO|base_page.py|24|设置浏览器最大化
2023-06-15 22:37:05,019|INFO|base_page.py|34|打开url：https://weibo.com/newlogin?tabtype=weibo&gid=102803&openLoginLayer=0&url=https%3A%2F%2Fweibo.com%2F
2023-06-15 22:37:05,357|INFO|base_page.py|44|查找元素：('xpath', '//*[@id="__sidebar"]/div/div[2]/div[1]/div/button')，超时时间：10
2023-06-15 22:40:54,890|INFO|logger.py|11|====== WebDriver manager ======
2023-06-15 22:40:55,570|INFO|logger.py|11|Driver [C:\Users\hyldi\.wdm\drivers\chromedriver\win32\114.0.5735.90\chromedriver.exe] found in cache
2023-06-15 22:40:56,881|INFO|base_page.py|24|设置浏览器最大化
2023-06-15 22:40:57,011|INFO|base_page.py|34|打开url：https://weibo.com/newlogin?tabtype=weibo&gid=102803&openLoginLayer=0&url=https%3A%2F%2Fweibo.com%2F
2023-06-15 22:40:57,353|INFO|base_page.py|44|查找元素：('xpath', '//*[@id="__sidebar"]/div/div[2]/div[1]/div/button')，超时时间：10
2023-06-15 22:42:34,237|INFO|logger.py|11|====== WebDriver manager ======
2023-06-15 22:42:34,933|INFO|logger.py|11|Driver [C:\Users\hyldi\.wdm\drivers\chromedriver\win32\114.0.5735.90\chromedriver.exe] found in cache
2023-06-15 22:42:36,137|INFO|base_page.py|24|设置浏览器最大化
2023-06-15 22:42:36,265|INFO|base_page.py|34|打开url：https://weibo.com/newlogin?tabtype=weibo&gid=102803&openLoginLayer=0&url=https%3A%2F%2Fweibo.com%2F
2023-06-15 22:42:36,565|INFO|base_page.py|44|查找元素：('xpath', '//*[@id="__sidebar"]/div/div[2]/div[1]/div/button')，超时时间：10
2023-06-15 22:59:29,975|INFO|logger.py|11|====== WebDriver manager ======
2023-06-15 22:59:30,669|INFO|logger.py|11|Driver [C:\Users\hyldi\.wdm\drivers\chromedriver\win32\114.0.5735.90\chromedriver.exe] found in cache
2023-06-15 22:59:31,967|INFO|base_page.py|24|设置浏览器最大化
2023-06-15 22:59:32,095|INFO|base_page.py|34|打开url：https://weibo.com/newlogin?tabtype=weibo&gid=102803&openLoginLayer=0&url=https%3A%2F%2Fweibo.com%2F
2023-06-15 22:59:32,415|INFO|base_page.py|44|查找元素：('xpath', '//*[@id="__sidebar"]/div/div[2]/div[1]/div/button')，超时时间：10
